<?xml version="1.0" encoding="UTF-8"?>
<!-- Generated by org.testng.reporters.JUnitReportReporter -->
<testsuite hostname="DESKTOP-FV0I4VU" name="demo.test2" tests="1" failures="0" timestamp="16 Dec 2019 01:36:49 GMT" time="3.725" errors="0">
  <testcase name="createPlaceAPI" time="3.725" classname="demo.test2"/>
</testsuite> <!-- demo.test2 -->
